{"C:\\pintek\\juragan\\config\\config.js": {"path":"C:\\pintek\\juragan\\config\\config.js","statementMap":{"0":{"start":{"line":1,"column":15},"end":{"line":1,"column":32}},"1":{"start":{"line":2,"column":13},"end":{"line":2,"column":28}},"2":{"start":{"line":3,"column":12},"end":{"line":3,"column":26}},"3":{"start":{"line":5,"column":0},"end":{"line":5,"column":57}},"4":{"start":{"line":7,"column":22},"end":{"line":10,"column":12}},"5":{"start":{"line":12,"column":34},"end":{"line":12,"column":105}},"6":{"start":{"line":14,"column":0},"end":{"line":16,"column":1}},"7":{"start":{"line":15,"column":2},"end":{"line":15,"column":63}},"8":{"start":{"line":18,"column":0},"end":{"line":26,"column":2}}},"fnMap":{},"branchMap":{"0":{"loc":{"start":{"line":14,"column":0},"end":{"line":16,"column":1}},"type":"if","locations":[{"start":{"line":14,"column":0},"end":{"line":16,"column":1}},{"start":{},"end":{}}],"line":14}},"s":{"0":1,"1":1,"2":1,"3":1,"4":1,"5":1,"6":1,"7":0,"8":1},"f":{},"b":{"0":[0,1]},"_coverageSchema":"1a1c01bbd47fc00a2c39e90264f33305004495a9","hash":"b5ad34952225f30cc6372b2c206d48ff3035a399"}
,"C:\\pintek\\juragan\\config\\database.js": {"path":"C:\\pintek\\juragan\\config\\database.js","statementMap":{"0":{"start":{"line":1,"column":22},"end":{"line":1,"column":42}},"1":{"start":{"line":2,"column":22},"end":{"line":2,"column":44}},"2":{"start":{"line":3,"column":15},"end":{"line":3,"column":34}},"3":{"start":{"line":6,"column":20},"end":{"line":81,"column":4}},"4":{"start":{"line":25,"column":20},"end":{"line":25,"column":36}},"5":{"start":{"line":83,"column":22},"end":{"line":83,"column":53}},"6":{"start":{"line":86,"column":0},"end":{"line":88,"column":1}},"7":{"start":{"line":87,"column":1},"end":{"line":87,"column":25}},"8":{"start":{"line":91,"column":0},"end":{"line":91,"column":21}},"9":{"start":{"line":93,"column":2},"end":{"line":93,"column":29}}},"fnMap":{"0":{"name":"(anonymous_0)","decl":{"start":{"line":25,"column":13},"end":{"line":25,"column":14}},"loc":{"start":{"line":25,"column":20},"end":{"line":25,"column":36}},"line":25}},"branchMap":{},"s":{"0":1,"1":1,"2":1,"3":1,"4":9,"5":1,"6":1,"7":4,"8":1,"9":1},"f":{"0":9},"b":{},"_coverageSchema":"1a1c01bbd47fc00a2c39e90264f33305004495a9","hash":"d160978e1470316bd7c09fda9e99a6e57a963a6e"}
,"C:\\pintek\\juragan\\config\\relations.js": {"path":"C:\\pintek\\juragan\\config\\relations.js","statementMap":{"0":{"start":{"line":7,"column":5},"end":{"line":7,"column":21}},"1":{"start":{"line":9,"column":1},"end":{"line":13,"column":5}},"2":{"start":{"line":14,"column":2},"end":{"line":18,"column":5}},"3":{"start":{"line":19,"column":2},"end":{"line":23,"column":5}},"4":{"start":{"line":26,"column":0},"end":{"line":26,"column":31}}},"fnMap":{"0":{"name":"relations","decl":{"start":{"line":1,"column":9},"end":{"line":1,"column":18}},"loc":{"start":{"line":1,"column":30},"end":{"line":24,"column":1}},"line":1}},"branchMap":{},"s":{"0":1,"1":1,"2":1,"3":1,"4":1},"f":{"0":1},"b":{},"_coverageSchema":"1a1c01bbd47fc00a2c39e90264f33305004495a9","hash":"9a54afa6f03eadd2cded5dd76dc5e1d63c07404f"}
,"C:\\pintek\\juragan\\logics\\houses.logic.js": {"path":"C:\\pintek\\juragan\\logics\\houses.logic.js","statementMap":{"0":{"start":{"line":1,"column":19},"end":{"line":1,"column":48}},"1":{"start":{"line":2,"column":18},"end":{"line":2,"column":38}},"2":{"start":{"line":12,"column":19},"end":{"line":55,"column":1}},"3":{"start":{"line":13,"column":4},"end":{"line":13,"column":24}},"4":{"start":{"line":14,"column":4},"end":{"line":14,"column":25}},"5":{"start":{"line":15,"column":4},"end":{"line":15,"column":70}},"6":{"start":{"line":17,"column":4},"end":{"line":19,"column":5}},"7":{"start":{"line":18,"column":8},"end":{"line":18,"column":56}},"8":{"start":{"line":20,"column":4},"end":{"line":22,"column":5}},"9":{"start":{"line":21,"column":8},"end":{"line":21,"column":48}},"10":{"start":{"line":23,"column":4},"end":{"line":25,"column":5}},"11":{"start":{"line":24,"column":8},"end":{"line":24,"column":52}},"12":{"start":{"line":27,"column":17},"end":{"line":53,"column":4}},"13":{"start":{"line":54,"column":2},"end":{"line":54,"column":16}},"14":{"start":{"line":62,"column":21},"end":{"line":65,"column":1}},"15":{"start":{"line":63,"column":2},"end":{"line":64,"column":25}},"16":{"start":{"line":67,"column":0},"end":{"line":70,"column":2}}},"fnMap":{"0":{"name":"(anonymous_0)","decl":{"start":{"line":12,"column":19},"end":{"line":12,"column":20}},"loc":{"start":{"line":12,"column":46},"end":{"line":55,"column":1}},"line":12},"1":{"name":"(anonymous_1)","decl":{"start":{"line":62,"column":21},"end":{"line":62,"column":22}},"loc":{"start":{"line":62,"column":35},"end":{"line":65,"column":1}},"line":62}},"branchMap":{"0":{"loc":{"start":{"line":17,"column":4},"end":{"line":19,"column":5}},"type":"if","locations":[{"start":{"line":17,"column":4},"end":{"line":19,"column":5}},{"start":{},"end":{}}],"line":17},"1":{"loc":{"start":{"line":20,"column":4},"end":{"line":22,"column":5}},"type":"if","locations":[{"start":{"line":20,"column":4},"end":{"line":22,"column":5}},{"start":{},"end":{}}],"line":20},"2":{"loc":{"start":{"line":23,"column":4},"end":{"line":25,"column":5}},"type":"if","locations":[{"start":{"line":23,"column":4},"end":{"line":25,"column":5}},{"start":{},"end":{}}],"line":23}},"s":{"0":1,"1":1,"2":1,"3":2,"4":2,"5":2,"6":2,"7":1,"8":2,"9":1,"10":2,"11":1,"12":2,"13":2,"14":1,"15":1,"16":1},"f":{"0":2,"1":1},"b":{"0":[1,1],"1":[1,1],"2":[1,1]},"_coverageSchema":"1a1c01bbd47fc00a2c39e90264f33305004495a9","hash":"9a50ad6c39eb2164967fe154f869de502f465a3b"}
,"C:\\pintek\\juragan\\logics\\index.js": {"path":"C:\\pintek\\juragan\\logics\\index.js","statementMap":{"0":{"start":{"line":1,"column":0},"end":{"line":1,"column":55}},"1":{"start":{"line":2,"column":0},"end":{"line":2,"column":59}},"2":{"start":{"line":3,"column":0},"end":{"line":3,"column":55}},"3":{"start":{"line":4,"column":0},"end":{"line":4,"column":51}}},"fnMap":{},"branchMap":{},"s":{"0":1,"1":1,"2":1,"3":1},"f":{},"b":{},"_coverageSchema":"1a1c01bbd47fc00a2c39e90264f33305004495a9","hash":"0bac064883c855b66325a6aafe28ac733cba7985"}
,"C:\\pintek\\juragan\\logics\\location.logic.js": {"path":"C:\\pintek\\juragan\\logics\\location.logic.js","statementMap":{"0":{"start":{"line":1,"column":19},"end":{"line":1,"column":48}},"1":{"start":{"line":2,"column":18},"end":{"line":2,"column":38}},"2":{"start":{"line":12,"column":22},"end":{"line":26,"column":1}},"3":{"start":{"line":13,"column":2},"end":{"line":13,"column":68}},"4":{"start":{"line":15,"column":19},"end":{"line":24,"column":4}},"5":{"start":{"line":25,"column":2},"end":{"line":25,"column":18}},"6":{"start":{"line":33,"column":24},"end":{"line":36,"column":1}},"7":{"start":{"line":34,"column":2},"end":{"line":35,"column":25}},"8":{"start":{"line":38,"column":0},"end":{"line":41,"column":2}}},"fnMap":{"0":{"name":"(anonymous_0)","decl":{"start":{"line":12,"column":22},"end":{"line":12,"column":23}},"loc":{"start":{"line":12,"column":49},"end":{"line":26,"column":1}},"line":12},"1":{"name":"(anonymous_1)","decl":{"start":{"line":33,"column":24},"end":{"line":33,"column":25}},"loc":{"start":{"line":33,"column":38},"end":{"line":36,"column":1}},"line":33}},"branchMap":{},"s":{"0":1,"1":1,"2":1,"3":1,"4":1,"5":1,"6":1,"7":1,"8":1},"f":{"0":1,"1":1},"b":{},"_coverageSchema":"1a1c01bbd47fc00a2c39e90264f33305004495a9","hash":"dc07151a5ec44eaf48bc665cda07cd9d97d3435c"}
,"C:\\pintek\\juragan\\logics\\status.logic.js": {"path":"C:\\pintek\\juragan\\logics\\status.logic.js","statementMap":{"0":{"start":{"line":1,"column":19},"end":{"line":1,"column":48}},"1":{"start":{"line":2,"column":18},"end":{"line":2,"column":38}},"2":{"start":{"line":12,"column":20},"end":{"line":26,"column":1}},"3":{"start":{"line":13,"column":2},"end":{"line":13,"column":68}},"4":{"start":{"line":15,"column":17},"end":{"line":24,"column":4}},"5":{"start":{"line":25,"column":2},"end":{"line":25,"column":16}},"6":{"start":{"line":33,"column":22},"end":{"line":36,"column":1}},"7":{"start":{"line":34,"column":2},"end":{"line":35,"column":25}},"8":{"start":{"line":38,"column":0},"end":{"line":41,"column":2}}},"fnMap":{"0":{"name":"(anonymous_0)","decl":{"start":{"line":12,"column":20},"end":{"line":12,"column":21}},"loc":{"start":{"line":12,"column":47},"end":{"line":26,"column":1}},"line":12},"1":{"name":"(anonymous_1)","decl":{"start":{"line":33,"column":22},"end":{"line":33,"column":23}},"loc":{"start":{"line":33,"column":36},"end":{"line":36,"column":1}},"line":33}},"branchMap":{},"s":{"0":1,"1":1,"2":1,"3":1,"4":1,"5":1,"6":1,"7":1,"8":1},"f":{"0":1,"1":1},"b":{},"_coverageSchema":"1a1c01bbd47fc00a2c39e90264f33305004495a9","hash":"f81186d2c9f83281ec23fabae0326c985ee557ac"}
,"C:\\pintek\\juragan\\logics\\type.logic.js": {"path":"C:\\pintek\\juragan\\logics\\type.logic.js","statementMap":{"0":{"start":{"line":1,"column":19},"end":{"line":1,"column":48}},"1":{"start":{"line":2,"column":18},"end":{"line":2,"column":38}},"2":{"start":{"line":12,"column":18},"end":{"line":26,"column":1}},"3":{"start":{"line":13,"column":2},"end":{"line":13,"column":68}},"4":{"start":{"line":15,"column":15},"end":{"line":24,"column":4}},"5":{"start":{"line":25,"column":2},"end":{"line":25,"column":14}},"6":{"start":{"line":33,"column":20},"end":{"line":36,"column":1}},"7":{"start":{"line":34,"column":2},"end":{"line":35,"column":25}},"8":{"start":{"line":38,"column":0},"end":{"line":41,"column":2}}},"fnMap":{"0":{"name":"(anonymous_0)","decl":{"start":{"line":12,"column":18},"end":{"line":12,"column":19}},"loc":{"start":{"line":12,"column":45},"end":{"line":26,"column":1}},"line":12},"1":{"name":"(anonymous_1)","decl":{"start":{"line":33,"column":20},"end":{"line":33,"column":21}},"loc":{"start":{"line":33,"column":34},"end":{"line":36,"column":1}},"line":33}},"branchMap":{},"s":{"0":1,"1":1,"2":1,"3":1,"4":1,"5":1,"6":1,"7":1,"8":1},"f":{"0":1,"1":1},"b":{},"_coverageSchema":"1a1c01bbd47fc00a2c39e90264f33305004495a9","hash":"f7c670df800e4521352646cd5ba0fc099e4c810f"}
,"C:\\pintek\\juragan\\models\\houses.js": {"path":"C:\\pintek\\juragan\\models\\houses.js","statementMap":{"0":{"start":{"line":2,"column":22},"end":{"line":2,"column":42}},"1":{"start":{"line":4,"column":0},"end":{"line":29,"column":2}},"2":{"start":{"line":5,"column":16},"end":{"line":26,"column":4}},"3":{"start":{"line":28,"column":2},"end":{"line":28,"column":16}}},"fnMap":{"0":{"name":"(anonymous_0)","decl":{"start":{"line":4,"column":17},"end":{"line":4,"column":18}},"loc":{"start":{"line":4,"column":32},"end":{"line":29,"column":1}},"line":4}},"branchMap":{},"s":{"0":1,"1":1,"2":1,"3":1},"f":{"0":1},"b":{},"_coverageSchema":"1a1c01bbd47fc00a2c39e90264f33305004495a9","hash":"2a1fed81d91846108b1e2aacd6d6101ecbe5e274"}
,"C:\\pintek\\juragan\\models\\index.js": {"path":"C:\\pintek\\juragan\\models\\index.js","statementMap":{"0":{"start":{"line":1,"column":0},"end":{"line":6,"column":4}}},"fnMap":{},"branchMap":{},"s":{"0":1},"f":{},"b":{},"_coverageSchema":"1a1c01bbd47fc00a2c39e90264f33305004495a9","hash":"4bb90fb630ad55b6bd9b99b419cc11e7643591fe"}
,"C:\\pintek\\juragan\\models\\master_location.js": {"path":"C:\\pintek\\juragan\\models\\master_location.js","statementMap":{"0":{"start":{"line":2,"column":22},"end":{"line":2,"column":42}},"1":{"start":{"line":4,"column":0},"end":{"line":21,"column":2}},"2":{"start":{"line":5,"column":25},"end":{"line":18,"column":4}},"3":{"start":{"line":20,"column":2},"end":{"line":20,"column":25}}},"fnMap":{"0":{"name":"(anonymous_0)","decl":{"start":{"line":4,"column":17},"end":{"line":4,"column":18}},"loc":{"start":{"line":4,"column":32},"end":{"line":21,"column":1}},"line":4}},"branchMap":{},"s":{"0":1,"1":1,"2":1,"3":1},"f":{"0":1},"b":{},"_coverageSchema":"1a1c01bbd47fc00a2c39e90264f33305004495a9","hash":"e0fb50cc7769f05324d617231a731bb00d143a4c"}
,"C:\\pintek\\juragan\\models\\master_status.js": {"path":"C:\\pintek\\juragan\\models\\master_status.js","statementMap":{"0":{"start":{"line":2,"column":22},"end":{"line":2,"column":42}},"1":{"start":{"line":4,"column":0},"end":{"line":21,"column":2}},"2":{"start":{"line":5,"column":23},"end":{"line":18,"column":4}},"3":{"start":{"line":20,"column":2},"end":{"line":20,"column":23}}},"fnMap":{"0":{"name":"(anonymous_0)","decl":{"start":{"line":4,"column":17},"end":{"line":4,"column":18}},"loc":{"start":{"line":4,"column":32},"end":{"line":21,"column":1}},"line":4}},"branchMap":{},"s":{"0":1,"1":1,"2":1,"3":1},"f":{"0":1},"b":{},"_coverageSchema":"1a1c01bbd47fc00a2c39e90264f33305004495a9","hash":"3ab72a527721cc5d85c80fd5915eef04ef3b99c2"}
,"C:\\pintek\\juragan\\models\\master_type.js": {"path":"C:\\pintek\\juragan\\models\\master_type.js","statementMap":{"0":{"start":{"line":2,"column":22},"end":{"line":2,"column":42}},"1":{"start":{"line":4,"column":0},"end":{"line":21,"column":2}},"2":{"start":{"line":5,"column":21},"end":{"line":18,"column":4}},"3":{"start":{"line":20,"column":2},"end":{"line":20,"column":21}}},"fnMap":{"0":{"name":"(anonymous_0)","decl":{"start":{"line":4,"column":17},"end":{"line":4,"column":18}},"loc":{"start":{"line":4,"column":32},"end":{"line":21,"column":1}},"line":4}},"branchMap":{},"s":{"0":1,"1":1,"2":1,"3":1},"f":{"0":1},"b":{},"_coverageSchema":"1a1c01bbd47fc00a2c39e90264f33305004495a9","hash":"0c94b44d4ac58d9f4e0065d0a37256e440e94bf0"}
}
